ARM GAS  C:\Users\pc\AppData\Local\Temp\cc4xomGz.s 			page 1


   1              		.cpu cortex-m4
   2              		.arch armv7e-m
   3              		.fpu fpv4-sp-d16
   4              		.eabi_attribute 27, 1
   5              		.eabi_attribute 28, 1
   6              		.eabi_attribute 20, 1
   7              		.eabi_attribute 21, 1
   8              		.eabi_attribute 23, 3
   9              		.eabi_attribute 24, 1
  10              		.eabi_attribute 25, 1
  11              		.eabi_attribute 26, 1
  12              		.eabi_attribute 30, 1
  13              		.eabi_attribute 34, 1
  14              		.eabi_attribute 18, 4
  15              		.file	"stm32f4xx_hal_msp.c"
  16              		.text
  17              	.Ltext0:
  18              		.cfi_sections	.debug_frame
  19              		.file 1 "Core/Src/stm32f4xx_hal_msp.c"
  20              		.section	.text.HAL_MspInit,"ax",%progbits
  21              		.align	1
  22              		.global	HAL_MspInit
  23              		.syntax unified
  24              		.thumb
  25              		.thumb_func
  27              	HAL_MspInit:
  28              	.LFB134:
   1:Core/Src/stm32f4xx_hal_msp.c **** /* USER CODE BEGIN Header */
   2:Core/Src/stm32f4xx_hal_msp.c **** /**
   3:Core/Src/stm32f4xx_hal_msp.c ****   ******************************************************************************
   4:Core/Src/stm32f4xx_hal_msp.c ****   * @file         stm32f4xx_hal_msp.c
   5:Core/Src/stm32f4xx_hal_msp.c ****   * @brief        This file provides code for the MSP Initialization
   6:Core/Src/stm32f4xx_hal_msp.c ****   *               and de-Initialization codes.
   7:Core/Src/stm32f4xx_hal_msp.c ****   ******************************************************************************
   8:Core/Src/stm32f4xx_hal_msp.c ****   * @attention
   9:Core/Src/stm32f4xx_hal_msp.c ****   *
  10:Core/Src/stm32f4xx_hal_msp.c ****   * Copyright (c) 2024 STMicroelectronics.
  11:Core/Src/stm32f4xx_hal_msp.c ****   * All rights reserved.
  12:Core/Src/stm32f4xx_hal_msp.c ****   *
  13:Core/Src/stm32f4xx_hal_msp.c ****   * This software is licensed under terms that can be found in the LICENSE file
  14:Core/Src/stm32f4xx_hal_msp.c ****   * in the root directory of this software component.
  15:Core/Src/stm32f4xx_hal_msp.c ****   * If no LICENSE file comes with this software, it is provided AS-IS.
  16:Core/Src/stm32f4xx_hal_msp.c ****   *
  17:Core/Src/stm32f4xx_hal_msp.c ****   ******************************************************************************
  18:Core/Src/stm32f4xx_hal_msp.c ****   */
  19:Core/Src/stm32f4xx_hal_msp.c **** /* USER CODE END Header */
  20:Core/Src/stm32f4xx_hal_msp.c **** 
  21:Core/Src/stm32f4xx_hal_msp.c **** /* Includes ------------------------------------------------------------------*/
  22:Core/Src/stm32f4xx_hal_msp.c **** #include "main.h"
  23:Core/Src/stm32f4xx_hal_msp.c **** /* USER CODE BEGIN Includes */
  24:Core/Src/stm32f4xx_hal_msp.c **** 
  25:Core/Src/stm32f4xx_hal_msp.c **** /* USER CODE END Includes */
  26:Core/Src/stm32f4xx_hal_msp.c **** 
  27:Core/Src/stm32f4xx_hal_msp.c **** /* Private typedef -----------------------------------------------------------*/
  28:Core/Src/stm32f4xx_hal_msp.c **** /* USER CODE BEGIN TD */
  29:Core/Src/stm32f4xx_hal_msp.c **** 
  30:Core/Src/stm32f4xx_hal_msp.c **** /* USER CODE END TD */
ARM GAS  C:\Users\pc\AppData\Local\Temp\cc4xomGz.s 			page 2


  31:Core/Src/stm32f4xx_hal_msp.c **** 
  32:Core/Src/stm32f4xx_hal_msp.c **** /* Private define ------------------------------------------------------------*/
  33:Core/Src/stm32f4xx_hal_msp.c **** /* USER CODE BEGIN Define */
  34:Core/Src/stm32f4xx_hal_msp.c **** 
  35:Core/Src/stm32f4xx_hal_msp.c **** /* USER CODE END Define */
  36:Core/Src/stm32f4xx_hal_msp.c **** 
  37:Core/Src/stm32f4xx_hal_msp.c **** /* Private macro -------------------------------------------------------------*/
  38:Core/Src/stm32f4xx_hal_msp.c **** /* USER CODE BEGIN Macro */
  39:Core/Src/stm32f4xx_hal_msp.c **** 
  40:Core/Src/stm32f4xx_hal_msp.c **** /* USER CODE END Macro */
  41:Core/Src/stm32f4xx_hal_msp.c **** 
  42:Core/Src/stm32f4xx_hal_msp.c **** /* Private variables ---------------------------------------------------------*/
  43:Core/Src/stm32f4xx_hal_msp.c **** /* USER CODE BEGIN PV */
  44:Core/Src/stm32f4xx_hal_msp.c **** 
  45:Core/Src/stm32f4xx_hal_msp.c **** /* USER CODE END PV */
  46:Core/Src/stm32f4xx_hal_msp.c **** 
  47:Core/Src/stm32f4xx_hal_msp.c **** /* Private function prototypes -----------------------------------------------*/
  48:Core/Src/stm32f4xx_hal_msp.c **** /* USER CODE BEGIN PFP */
  49:Core/Src/stm32f4xx_hal_msp.c **** 
  50:Core/Src/stm32f4xx_hal_msp.c **** /* USER CODE END PFP */
  51:Core/Src/stm32f4xx_hal_msp.c **** 
  52:Core/Src/stm32f4xx_hal_msp.c **** /* External functions --------------------------------------------------------*/
  53:Core/Src/stm32f4xx_hal_msp.c **** /* USER CODE BEGIN ExternalFunctions */
  54:Core/Src/stm32f4xx_hal_msp.c **** 
  55:Core/Src/stm32f4xx_hal_msp.c **** /* USER CODE END ExternalFunctions */
  56:Core/Src/stm32f4xx_hal_msp.c **** 
  57:Core/Src/stm32f4xx_hal_msp.c **** /* USER CODE BEGIN 0 */
  58:Core/Src/stm32f4xx_hal_msp.c **** 
  59:Core/Src/stm32f4xx_hal_msp.c **** /* USER CODE END 0 */
  60:Core/Src/stm32f4xx_hal_msp.c **** 
  61:Core/Src/stm32f4xx_hal_msp.c **** void HAL_TIM_MspPostInit(TIM_HandleTypeDef *htim);
  62:Core/Src/stm32f4xx_hal_msp.c ****                     /**
  63:Core/Src/stm32f4xx_hal_msp.c ****   * Initializes the Global MSP.
  64:Core/Src/stm32f4xx_hal_msp.c ****   */
  65:Core/Src/stm32f4xx_hal_msp.c **** void HAL_MspInit(void)
  66:Core/Src/stm32f4xx_hal_msp.c **** {
  29              		.loc 1 66 1 view -0
  30              		.cfi_startproc
  31              		@ args = 0, pretend = 0, frame = 8
  32              		@ frame_needed = 0, uses_anonymous_args = 0
  33              		@ link register save eliminated.
  34 0000 82B0     		sub	sp, sp, #8
  35              	.LCFI0:
  36              		.cfi_def_cfa_offset 8
  67:Core/Src/stm32f4xx_hal_msp.c **** 
  68:Core/Src/stm32f4xx_hal_msp.c ****   /* USER CODE BEGIN MspInit 0 */
  69:Core/Src/stm32f4xx_hal_msp.c **** 
  70:Core/Src/stm32f4xx_hal_msp.c ****   /* USER CODE END MspInit 0 */
  71:Core/Src/stm32f4xx_hal_msp.c **** 
  72:Core/Src/stm32f4xx_hal_msp.c ****   __HAL_RCC_SYSCFG_CLK_ENABLE();
  37              		.loc 1 72 3 view .LVU1
  38              	.LBB2:
  39              		.loc 1 72 3 view .LVU2
  40 0002 0021     		movs	r1, #0
  41 0004 0091     		str	r1, [sp]
  42              		.loc 1 72 3 view .LVU3
  43 0006 0B4B     		ldr	r3, .L3
ARM GAS  C:\Users\pc\AppData\Local\Temp\cc4xomGz.s 			page 3


  44 0008 5A6C     		ldr	r2, [r3, #68]
  45 000a 42F48042 		orr	r2, r2, #16384
  46 000e 5A64     		str	r2, [r3, #68]
  47              		.loc 1 72 3 view .LVU4
  48 0010 5A6C     		ldr	r2, [r3, #68]
  49 0012 02F48042 		and	r2, r2, #16384
  50 0016 0092     		str	r2, [sp]
  51              		.loc 1 72 3 view .LVU5
  52 0018 009A     		ldr	r2, [sp]
  53              	.LBE2:
  54              		.loc 1 72 3 view .LVU6
  73:Core/Src/stm32f4xx_hal_msp.c ****   __HAL_RCC_PWR_CLK_ENABLE();
  55              		.loc 1 73 3 view .LVU7
  56              	.LBB3:
  57              		.loc 1 73 3 view .LVU8
  58 001a 0191     		str	r1, [sp, #4]
  59              		.loc 1 73 3 view .LVU9
  60 001c 1A6C     		ldr	r2, [r3, #64]
  61 001e 42F08052 		orr	r2, r2, #268435456
  62 0022 1A64     		str	r2, [r3, #64]
  63              		.loc 1 73 3 view .LVU10
  64 0024 1B6C     		ldr	r3, [r3, #64]
  65 0026 03F08053 		and	r3, r3, #268435456
  66 002a 0193     		str	r3, [sp, #4]
  67              		.loc 1 73 3 view .LVU11
  68 002c 019B     		ldr	r3, [sp, #4]
  69              	.LBE3:
  70              		.loc 1 73 3 view .LVU12
  74:Core/Src/stm32f4xx_hal_msp.c **** 
  75:Core/Src/stm32f4xx_hal_msp.c ****   /* System interrupt init*/
  76:Core/Src/stm32f4xx_hal_msp.c **** 
  77:Core/Src/stm32f4xx_hal_msp.c ****   /* USER CODE BEGIN MspInit 1 */
  78:Core/Src/stm32f4xx_hal_msp.c **** 
  79:Core/Src/stm32f4xx_hal_msp.c ****   /* USER CODE END MspInit 1 */
  80:Core/Src/stm32f4xx_hal_msp.c **** }
  71              		.loc 1 80 1 is_stmt 0 view .LVU13
  72 002e 02B0     		add	sp, sp, #8
  73              	.LCFI1:
  74              		.cfi_def_cfa_offset 0
  75              		@ sp needed
  76 0030 7047     		bx	lr
  77              	.L4:
  78 0032 00BF     		.align	2
  79              	.L3:
  80 0034 00380240 		.word	1073887232
  81              		.cfi_endproc
  82              	.LFE134:
  84              		.section	.text.HAL_SPI_MspInit,"ax",%progbits
  85              		.align	1
  86              		.global	HAL_SPI_MspInit
  87              		.syntax unified
  88              		.thumb
  89              		.thumb_func
  91              	HAL_SPI_MspInit:
  92              	.LVL0:
  93              	.LFB135:
  81:Core/Src/stm32f4xx_hal_msp.c **** 
ARM GAS  C:\Users\pc\AppData\Local\Temp\cc4xomGz.s 			page 4


  82:Core/Src/stm32f4xx_hal_msp.c **** /**
  83:Core/Src/stm32f4xx_hal_msp.c **** * @brief SPI MSP Initialization
  84:Core/Src/stm32f4xx_hal_msp.c **** * This function configures the hardware resources used in this example
  85:Core/Src/stm32f4xx_hal_msp.c **** * @param hspi: SPI handle pointer
  86:Core/Src/stm32f4xx_hal_msp.c **** * @retval None
  87:Core/Src/stm32f4xx_hal_msp.c **** */
  88:Core/Src/stm32f4xx_hal_msp.c **** void HAL_SPI_MspInit(SPI_HandleTypeDef* hspi)
  89:Core/Src/stm32f4xx_hal_msp.c **** {
  94              		.loc 1 89 1 is_stmt 1 view -0
  95              		.cfi_startproc
  96              		@ args = 0, pretend = 0, frame = 32
  97              		@ frame_needed = 0, uses_anonymous_args = 0
  98              		.loc 1 89 1 is_stmt 0 view .LVU15
  99 0000 00B5     		push	{lr}
 100              	.LCFI2:
 101              		.cfi_def_cfa_offset 4
 102              		.cfi_offset 14, -4
 103 0002 89B0     		sub	sp, sp, #36
 104              	.LCFI3:
 105              		.cfi_def_cfa_offset 40
  90:Core/Src/stm32f4xx_hal_msp.c ****   GPIO_InitTypeDef GPIO_InitStruct = {0};
 106              		.loc 1 90 3 is_stmt 1 view .LVU16
 107              		.loc 1 90 20 is_stmt 0 view .LVU17
 108 0004 0023     		movs	r3, #0
 109 0006 0393     		str	r3, [sp, #12]
 110 0008 0493     		str	r3, [sp, #16]
 111 000a 0593     		str	r3, [sp, #20]
 112 000c 0693     		str	r3, [sp, #24]
 113 000e 0793     		str	r3, [sp, #28]
  91:Core/Src/stm32f4xx_hal_msp.c ****   if(hspi->Instance==SPI1)
 114              		.loc 1 91 3 is_stmt 1 view .LVU18
 115              		.loc 1 91 10 is_stmt 0 view .LVU19
 116 0010 0268     		ldr	r2, [r0]
 117              		.loc 1 91 5 view .LVU20
 118 0012 154B     		ldr	r3, .L9
 119 0014 9A42     		cmp	r2, r3
 120 0016 02D0     		beq	.L8
 121              	.LVL1:
 122              	.L5:
  92:Core/Src/stm32f4xx_hal_msp.c ****   {
  93:Core/Src/stm32f4xx_hal_msp.c ****   /* USER CODE BEGIN SPI1_MspInit 0 */
  94:Core/Src/stm32f4xx_hal_msp.c **** 
  95:Core/Src/stm32f4xx_hal_msp.c ****   /* USER CODE END SPI1_MspInit 0 */
  96:Core/Src/stm32f4xx_hal_msp.c ****     /* Peripheral clock enable */
  97:Core/Src/stm32f4xx_hal_msp.c ****     __HAL_RCC_SPI1_CLK_ENABLE();
  98:Core/Src/stm32f4xx_hal_msp.c **** 
  99:Core/Src/stm32f4xx_hal_msp.c ****     __HAL_RCC_GPIOA_CLK_ENABLE();
 100:Core/Src/stm32f4xx_hal_msp.c ****     /**SPI1 GPIO Configuration
 101:Core/Src/stm32f4xx_hal_msp.c ****     PA5     ------> SPI1_SCK
 102:Core/Src/stm32f4xx_hal_msp.c ****     PA6     ------> SPI1_MISO
 103:Core/Src/stm32f4xx_hal_msp.c ****     PA7     ------> SPI1_MOSI
 104:Core/Src/stm32f4xx_hal_msp.c ****     */
 105:Core/Src/stm32f4xx_hal_msp.c ****     GPIO_InitStruct.Pin = GPIO_PIN_5|GPIO_PIN_6|GPIO_PIN_7;
 106:Core/Src/stm32f4xx_hal_msp.c ****     GPIO_InitStruct.Mode = GPIO_MODE_AF_PP;
 107:Core/Src/stm32f4xx_hal_msp.c ****     GPIO_InitStruct.Pull = GPIO_NOPULL;
 108:Core/Src/stm32f4xx_hal_msp.c ****     GPIO_InitStruct.Speed = GPIO_SPEED_FREQ_VERY_HIGH;
 109:Core/Src/stm32f4xx_hal_msp.c ****     GPIO_InitStruct.Alternate = GPIO_AF5_SPI1;
ARM GAS  C:\Users\pc\AppData\Local\Temp\cc4xomGz.s 			page 5


 110:Core/Src/stm32f4xx_hal_msp.c ****     HAL_GPIO_Init(GPIOA, &GPIO_InitStruct);
 111:Core/Src/stm32f4xx_hal_msp.c **** 
 112:Core/Src/stm32f4xx_hal_msp.c ****   /* USER CODE BEGIN SPI1_MspInit 1 */
 113:Core/Src/stm32f4xx_hal_msp.c **** 
 114:Core/Src/stm32f4xx_hal_msp.c ****   /* USER CODE END SPI1_MspInit 1 */
 115:Core/Src/stm32f4xx_hal_msp.c ****   }
 116:Core/Src/stm32f4xx_hal_msp.c **** 
 117:Core/Src/stm32f4xx_hal_msp.c **** }
 123              		.loc 1 117 1 view .LVU21
 124 0018 09B0     		add	sp, sp, #36
 125              	.LCFI4:
 126              		.cfi_remember_state
 127              		.cfi_def_cfa_offset 4
 128              		@ sp needed
 129 001a 5DF804FB 		ldr	pc, [sp], #4
 130              	.LVL2:
 131              	.L8:
 132              	.LCFI5:
 133              		.cfi_restore_state
  97:Core/Src/stm32f4xx_hal_msp.c **** 
 134              		.loc 1 97 5 is_stmt 1 view .LVU22
 135              	.LBB4:
  97:Core/Src/stm32f4xx_hal_msp.c **** 
 136              		.loc 1 97 5 view .LVU23
 137 001e 0021     		movs	r1, #0
 138 0020 0191     		str	r1, [sp, #4]
  97:Core/Src/stm32f4xx_hal_msp.c **** 
 139              		.loc 1 97 5 view .LVU24
 140 0022 03F58433 		add	r3, r3, #67584
 141 0026 5A6C     		ldr	r2, [r3, #68]
 142 0028 42F48052 		orr	r2, r2, #4096
 143 002c 5A64     		str	r2, [r3, #68]
  97:Core/Src/stm32f4xx_hal_msp.c **** 
 144              		.loc 1 97 5 view .LVU25
 145 002e 5A6C     		ldr	r2, [r3, #68]
 146 0030 02F48052 		and	r2, r2, #4096
 147 0034 0192     		str	r2, [sp, #4]
  97:Core/Src/stm32f4xx_hal_msp.c **** 
 148              		.loc 1 97 5 view .LVU26
 149 0036 019A     		ldr	r2, [sp, #4]
 150              	.LBE4:
  97:Core/Src/stm32f4xx_hal_msp.c **** 
 151              		.loc 1 97 5 view .LVU27
  99:Core/Src/stm32f4xx_hal_msp.c ****     /**SPI1 GPIO Configuration
 152              		.loc 1 99 5 view .LVU28
 153              	.LBB5:
  99:Core/Src/stm32f4xx_hal_msp.c ****     /**SPI1 GPIO Configuration
 154              		.loc 1 99 5 view .LVU29
 155 0038 0291     		str	r1, [sp, #8]
  99:Core/Src/stm32f4xx_hal_msp.c ****     /**SPI1 GPIO Configuration
 156              		.loc 1 99 5 view .LVU30
 157 003a 1A6B     		ldr	r2, [r3, #48]
 158 003c 42F00102 		orr	r2, r2, #1
 159 0040 1A63     		str	r2, [r3, #48]
  99:Core/Src/stm32f4xx_hal_msp.c ****     /**SPI1 GPIO Configuration
 160              		.loc 1 99 5 view .LVU31
 161 0042 1B6B     		ldr	r3, [r3, #48]
ARM GAS  C:\Users\pc\AppData\Local\Temp\cc4xomGz.s 			page 6


 162 0044 03F00103 		and	r3, r3, #1
 163 0048 0293     		str	r3, [sp, #8]
  99:Core/Src/stm32f4xx_hal_msp.c ****     /**SPI1 GPIO Configuration
 164              		.loc 1 99 5 view .LVU32
 165 004a 029B     		ldr	r3, [sp, #8]
 166              	.LBE5:
  99:Core/Src/stm32f4xx_hal_msp.c ****     /**SPI1 GPIO Configuration
 167              		.loc 1 99 5 view .LVU33
 105:Core/Src/stm32f4xx_hal_msp.c ****     GPIO_InitStruct.Mode = GPIO_MODE_AF_PP;
 168              		.loc 1 105 5 view .LVU34
 105:Core/Src/stm32f4xx_hal_msp.c ****     GPIO_InitStruct.Mode = GPIO_MODE_AF_PP;
 169              		.loc 1 105 25 is_stmt 0 view .LVU35
 170 004c E023     		movs	r3, #224
 171 004e 0393     		str	r3, [sp, #12]
 106:Core/Src/stm32f4xx_hal_msp.c ****     GPIO_InitStruct.Pull = GPIO_NOPULL;
 172              		.loc 1 106 5 is_stmt 1 view .LVU36
 106:Core/Src/stm32f4xx_hal_msp.c ****     GPIO_InitStruct.Pull = GPIO_NOPULL;
 173              		.loc 1 106 26 is_stmt 0 view .LVU37
 174 0050 0223     		movs	r3, #2
 175 0052 0493     		str	r3, [sp, #16]
 107:Core/Src/stm32f4xx_hal_msp.c ****     GPIO_InitStruct.Speed = GPIO_SPEED_FREQ_VERY_HIGH;
 176              		.loc 1 107 5 is_stmt 1 view .LVU38
 108:Core/Src/stm32f4xx_hal_msp.c ****     GPIO_InitStruct.Alternate = GPIO_AF5_SPI1;
 177              		.loc 1 108 5 view .LVU39
 108:Core/Src/stm32f4xx_hal_msp.c ****     GPIO_InitStruct.Alternate = GPIO_AF5_SPI1;
 178              		.loc 1 108 27 is_stmt 0 view .LVU40
 179 0054 0323     		movs	r3, #3
 180 0056 0693     		str	r3, [sp, #24]
 109:Core/Src/stm32f4xx_hal_msp.c ****     HAL_GPIO_Init(GPIOA, &GPIO_InitStruct);
 181              		.loc 1 109 5 is_stmt 1 view .LVU41
 109:Core/Src/stm32f4xx_hal_msp.c ****     HAL_GPIO_Init(GPIOA, &GPIO_InitStruct);
 182              		.loc 1 109 31 is_stmt 0 view .LVU42
 183 0058 0523     		movs	r3, #5
 184 005a 0793     		str	r3, [sp, #28]
 110:Core/Src/stm32f4xx_hal_msp.c **** 
 185              		.loc 1 110 5 is_stmt 1 view .LVU43
 186 005c 03A9     		add	r1, sp, #12
 187 005e 0348     		ldr	r0, .L9+4
 188              	.LVL3:
 110:Core/Src/stm32f4xx_hal_msp.c **** 
 189              		.loc 1 110 5 is_stmt 0 view .LVU44
 190 0060 FFF7FEFF 		bl	HAL_GPIO_Init
 191              	.LVL4:
 192              		.loc 1 117 1 view .LVU45
 193 0064 D8E7     		b	.L5
 194              	.L10:
 195 0066 00BF     		.align	2
 196              	.L9:
 197 0068 00300140 		.word	1073819648
 198 006c 00000240 		.word	1073872896
 199              		.cfi_endproc
 200              	.LFE135:
 202              		.section	.text.HAL_SPI_MspDeInit,"ax",%progbits
 203              		.align	1
 204              		.global	HAL_SPI_MspDeInit
 205              		.syntax unified
 206              		.thumb
ARM GAS  C:\Users\pc\AppData\Local\Temp\cc4xomGz.s 			page 7


 207              		.thumb_func
 209              	HAL_SPI_MspDeInit:
 210              	.LVL5:
 211              	.LFB136:
 118:Core/Src/stm32f4xx_hal_msp.c **** 
 119:Core/Src/stm32f4xx_hal_msp.c **** /**
 120:Core/Src/stm32f4xx_hal_msp.c **** * @brief SPI MSP De-Initialization
 121:Core/Src/stm32f4xx_hal_msp.c **** * This function freeze the hardware resources used in this example
 122:Core/Src/stm32f4xx_hal_msp.c **** * @param hspi: SPI handle pointer
 123:Core/Src/stm32f4xx_hal_msp.c **** * @retval None
 124:Core/Src/stm32f4xx_hal_msp.c **** */
 125:Core/Src/stm32f4xx_hal_msp.c **** void HAL_SPI_MspDeInit(SPI_HandleTypeDef* hspi)
 126:Core/Src/stm32f4xx_hal_msp.c **** {
 212              		.loc 1 126 1 is_stmt 1 view -0
 213              		.cfi_startproc
 214              		@ args = 0, pretend = 0, frame = 0
 215              		@ frame_needed = 0, uses_anonymous_args = 0
 216              		.loc 1 126 1 is_stmt 0 view .LVU47
 217 0000 08B5     		push	{r3, lr}
 218              	.LCFI6:
 219              		.cfi_def_cfa_offset 8
 220              		.cfi_offset 3, -8
 221              		.cfi_offset 14, -4
 127:Core/Src/stm32f4xx_hal_msp.c ****   if(hspi->Instance==SPI1)
 222              		.loc 1 127 3 is_stmt 1 view .LVU48
 223              		.loc 1 127 10 is_stmt 0 view .LVU49
 224 0002 0268     		ldr	r2, [r0]
 225              		.loc 1 127 5 view .LVU50
 226 0004 064B     		ldr	r3, .L15
 227 0006 9A42     		cmp	r2, r3
 228 0008 00D0     		beq	.L14
 229              	.LVL6:
 230              	.L11:
 128:Core/Src/stm32f4xx_hal_msp.c ****   {
 129:Core/Src/stm32f4xx_hal_msp.c ****   /* USER CODE BEGIN SPI1_MspDeInit 0 */
 130:Core/Src/stm32f4xx_hal_msp.c **** 
 131:Core/Src/stm32f4xx_hal_msp.c ****   /* USER CODE END SPI1_MspDeInit 0 */
 132:Core/Src/stm32f4xx_hal_msp.c ****     /* Peripheral clock disable */
 133:Core/Src/stm32f4xx_hal_msp.c ****     __HAL_RCC_SPI1_CLK_DISABLE();
 134:Core/Src/stm32f4xx_hal_msp.c **** 
 135:Core/Src/stm32f4xx_hal_msp.c ****     /**SPI1 GPIO Configuration
 136:Core/Src/stm32f4xx_hal_msp.c ****     PA5     ------> SPI1_SCK
 137:Core/Src/stm32f4xx_hal_msp.c ****     PA6     ------> SPI1_MISO
 138:Core/Src/stm32f4xx_hal_msp.c ****     PA7     ------> SPI1_MOSI
 139:Core/Src/stm32f4xx_hal_msp.c ****     */
 140:Core/Src/stm32f4xx_hal_msp.c ****     HAL_GPIO_DeInit(GPIOA, GPIO_PIN_5|GPIO_PIN_6|GPIO_PIN_7);
 141:Core/Src/stm32f4xx_hal_msp.c **** 
 142:Core/Src/stm32f4xx_hal_msp.c ****   /* USER CODE BEGIN SPI1_MspDeInit 1 */
 143:Core/Src/stm32f4xx_hal_msp.c **** 
 144:Core/Src/stm32f4xx_hal_msp.c ****   /* USER CODE END SPI1_MspDeInit 1 */
 145:Core/Src/stm32f4xx_hal_msp.c ****   }
 146:Core/Src/stm32f4xx_hal_msp.c **** 
 147:Core/Src/stm32f4xx_hal_msp.c **** }
 231              		.loc 1 147 1 view .LVU51
 232 000a 08BD     		pop	{r3, pc}
 233              	.LVL7:
 234              	.L14:
ARM GAS  C:\Users\pc\AppData\Local\Temp\cc4xomGz.s 			page 8


 133:Core/Src/stm32f4xx_hal_msp.c **** 
 235              		.loc 1 133 5 is_stmt 1 view .LVU52
 236 000c 054A     		ldr	r2, .L15+4
 237 000e 536C     		ldr	r3, [r2, #68]
 238 0010 23F48053 		bic	r3, r3, #4096
 239 0014 5364     		str	r3, [r2, #68]
 140:Core/Src/stm32f4xx_hal_msp.c **** 
 240              		.loc 1 140 5 view .LVU53
 241 0016 E021     		movs	r1, #224
 242 0018 0348     		ldr	r0, .L15+8
 243              	.LVL8:
 140:Core/Src/stm32f4xx_hal_msp.c **** 
 244              		.loc 1 140 5 is_stmt 0 view .LVU54
 245 001a FFF7FEFF 		bl	HAL_GPIO_DeInit
 246              	.LVL9:
 247              		.loc 1 147 1 view .LVU55
 248 001e F4E7     		b	.L11
 249              	.L16:
 250              		.align	2
 251              	.L15:
 252 0020 00300140 		.word	1073819648
 253 0024 00380240 		.word	1073887232
 254 0028 00000240 		.word	1073872896
 255              		.cfi_endproc
 256              	.LFE136:
 258              		.section	.text.HAL_TIM_Base_MspInit,"ax",%progbits
 259              		.align	1
 260              		.global	HAL_TIM_Base_MspInit
 261              		.syntax unified
 262              		.thumb
 263              		.thumb_func
 265              	HAL_TIM_Base_MspInit:
 266              	.LVL10:
 267              	.LFB137:
 148:Core/Src/stm32f4xx_hal_msp.c **** 
 149:Core/Src/stm32f4xx_hal_msp.c **** /**
 150:Core/Src/stm32f4xx_hal_msp.c **** * @brief TIM_Base MSP Initialization
 151:Core/Src/stm32f4xx_hal_msp.c **** * This function configures the hardware resources used in this example
 152:Core/Src/stm32f4xx_hal_msp.c **** * @param htim_base: TIM_Base handle pointer
 153:Core/Src/stm32f4xx_hal_msp.c **** * @retval None
 154:Core/Src/stm32f4xx_hal_msp.c **** */
 155:Core/Src/stm32f4xx_hal_msp.c **** void HAL_TIM_Base_MspInit(TIM_HandleTypeDef* htim_base)
 156:Core/Src/stm32f4xx_hal_msp.c **** {
 268              		.loc 1 156 1 is_stmt 1 view -0
 269              		.cfi_startproc
 270              		@ args = 0, pretend = 0, frame = 8
 271              		@ frame_needed = 0, uses_anonymous_args = 0
 272              		@ link register save eliminated.
 157:Core/Src/stm32f4xx_hal_msp.c ****   if(htim_base->Instance==TIM4)
 273              		.loc 1 157 3 view .LVU57
 274              		.loc 1 157 15 is_stmt 0 view .LVU58
 275 0000 0268     		ldr	r2, [r0]
 276              		.loc 1 157 5 view .LVU59
 277 0002 094B     		ldr	r3, .L24
 278 0004 9A42     		cmp	r2, r3
 279 0006 00D0     		beq	.L23
 280 0008 7047     		bx	lr
ARM GAS  C:\Users\pc\AppData\Local\Temp\cc4xomGz.s 			page 9


 281              	.L23:
 156:Core/Src/stm32f4xx_hal_msp.c ****   if(htim_base->Instance==TIM4)
 282              		.loc 1 156 1 view .LVU60
 283 000a 82B0     		sub	sp, sp, #8
 284              	.LCFI7:
 285              		.cfi_def_cfa_offset 8
 158:Core/Src/stm32f4xx_hal_msp.c ****   {
 159:Core/Src/stm32f4xx_hal_msp.c ****   /* USER CODE BEGIN TIM4_MspInit 0 */
 160:Core/Src/stm32f4xx_hal_msp.c **** 
 161:Core/Src/stm32f4xx_hal_msp.c ****   /* USER CODE END TIM4_MspInit 0 */
 162:Core/Src/stm32f4xx_hal_msp.c ****     /* Peripheral clock enable */
 163:Core/Src/stm32f4xx_hal_msp.c ****     __HAL_RCC_TIM4_CLK_ENABLE();
 286              		.loc 1 163 5 is_stmt 1 view .LVU61
 287              	.LBB6:
 288              		.loc 1 163 5 view .LVU62
 289 000c 0023     		movs	r3, #0
 290 000e 0193     		str	r3, [sp, #4]
 291              		.loc 1 163 5 view .LVU63
 292 0010 064B     		ldr	r3, .L24+4
 293 0012 1A6C     		ldr	r2, [r3, #64]
 294 0014 42F00402 		orr	r2, r2, #4
 295 0018 1A64     		str	r2, [r3, #64]
 296              		.loc 1 163 5 view .LVU64
 297 001a 1B6C     		ldr	r3, [r3, #64]
 298 001c 03F00403 		and	r3, r3, #4
 299 0020 0193     		str	r3, [sp, #4]
 300              		.loc 1 163 5 view .LVU65
 301 0022 019B     		ldr	r3, [sp, #4]
 302              	.LBE6:
 303              		.loc 1 163 5 view .LVU66
 164:Core/Src/stm32f4xx_hal_msp.c ****   /* USER CODE BEGIN TIM4_MspInit 1 */
 165:Core/Src/stm32f4xx_hal_msp.c **** 
 166:Core/Src/stm32f4xx_hal_msp.c ****   /* USER CODE END TIM4_MspInit 1 */
 167:Core/Src/stm32f4xx_hal_msp.c ****   }
 168:Core/Src/stm32f4xx_hal_msp.c **** 
 169:Core/Src/stm32f4xx_hal_msp.c **** }
 304              		.loc 1 169 1 is_stmt 0 view .LVU67
 305 0024 02B0     		add	sp, sp, #8
 306              	.LCFI8:
 307              		.cfi_def_cfa_offset 0
 308              		@ sp needed
 309 0026 7047     		bx	lr
 310              	.L25:
 311              		.align	2
 312              	.L24:
 313 0028 00080040 		.word	1073743872
 314 002c 00380240 		.word	1073887232
 315              		.cfi_endproc
 316              	.LFE137:
 318              		.section	.text.HAL_TIM_MspPostInit,"ax",%progbits
 319              		.align	1
 320              		.global	HAL_TIM_MspPostInit
 321              		.syntax unified
 322              		.thumb
 323              		.thumb_func
 325              	HAL_TIM_MspPostInit:
 326              	.LVL11:
ARM GAS  C:\Users\pc\AppData\Local\Temp\cc4xomGz.s 			page 10


 327              	.LFB138:
 170:Core/Src/stm32f4xx_hal_msp.c **** 
 171:Core/Src/stm32f4xx_hal_msp.c **** void HAL_TIM_MspPostInit(TIM_HandleTypeDef* htim)
 172:Core/Src/stm32f4xx_hal_msp.c **** {
 328              		.loc 1 172 1 is_stmt 1 view -0
 329              		.cfi_startproc
 330              		@ args = 0, pretend = 0, frame = 24
 331              		@ frame_needed = 0, uses_anonymous_args = 0
 332              		.loc 1 172 1 is_stmt 0 view .LVU69
 333 0000 00B5     		push	{lr}
 334              	.LCFI9:
 335              		.cfi_def_cfa_offset 4
 336              		.cfi_offset 14, -4
 337 0002 87B0     		sub	sp, sp, #28
 338              	.LCFI10:
 339              		.cfi_def_cfa_offset 32
 173:Core/Src/stm32f4xx_hal_msp.c ****   GPIO_InitTypeDef GPIO_InitStruct = {0};
 340              		.loc 1 173 3 is_stmt 1 view .LVU70
 341              		.loc 1 173 20 is_stmt 0 view .LVU71
 342 0004 0023     		movs	r3, #0
 343 0006 0193     		str	r3, [sp, #4]
 344 0008 0293     		str	r3, [sp, #8]
 345 000a 0393     		str	r3, [sp, #12]
 346 000c 0493     		str	r3, [sp, #16]
 347 000e 0593     		str	r3, [sp, #20]
 174:Core/Src/stm32f4xx_hal_msp.c ****   if(htim->Instance==TIM4)
 348              		.loc 1 174 3 is_stmt 1 view .LVU72
 349              		.loc 1 174 10 is_stmt 0 view .LVU73
 350 0010 0268     		ldr	r2, [r0]
 351              		.loc 1 174 5 view .LVU74
 352 0012 0E4B     		ldr	r3, .L30
 353 0014 9A42     		cmp	r2, r3
 354 0016 02D0     		beq	.L29
 355              	.LVL12:
 356              	.L26:
 175:Core/Src/stm32f4xx_hal_msp.c ****   {
 176:Core/Src/stm32f4xx_hal_msp.c ****   /* USER CODE BEGIN TIM4_MspPostInit 0 */
 177:Core/Src/stm32f4xx_hal_msp.c **** 
 178:Core/Src/stm32f4xx_hal_msp.c ****   /* USER CODE END TIM4_MspPostInit 0 */
 179:Core/Src/stm32f4xx_hal_msp.c **** 
 180:Core/Src/stm32f4xx_hal_msp.c ****     __HAL_RCC_GPIOB_CLK_ENABLE();
 181:Core/Src/stm32f4xx_hal_msp.c ****     /**TIM4 GPIO Configuration
 182:Core/Src/stm32f4xx_hal_msp.c ****     PB6     ------> TIM4_CH1
 183:Core/Src/stm32f4xx_hal_msp.c ****     PB7     ------> TIM4_CH2
 184:Core/Src/stm32f4xx_hal_msp.c ****     PB8     ------> TIM4_CH3
 185:Core/Src/stm32f4xx_hal_msp.c ****     PB9     ------> TIM4_CH4
 186:Core/Src/stm32f4xx_hal_msp.c ****     */
 187:Core/Src/stm32f4xx_hal_msp.c ****     GPIO_InitStruct.Pin = GPIO_PIN_6|GPIO_PIN_7|GPIO_PIN_8|GPIO_PIN_9;
 188:Core/Src/stm32f4xx_hal_msp.c ****     GPIO_InitStruct.Mode = GPIO_MODE_AF_PP;
 189:Core/Src/stm32f4xx_hal_msp.c ****     GPIO_InitStruct.Pull = GPIO_NOPULL;
 190:Core/Src/stm32f4xx_hal_msp.c ****     GPIO_InitStruct.Speed = GPIO_SPEED_FREQ_LOW;
 191:Core/Src/stm32f4xx_hal_msp.c ****     GPIO_InitStruct.Alternate = GPIO_AF2_TIM4;
 192:Core/Src/stm32f4xx_hal_msp.c ****     HAL_GPIO_Init(GPIOB, &GPIO_InitStruct);
 193:Core/Src/stm32f4xx_hal_msp.c **** 
 194:Core/Src/stm32f4xx_hal_msp.c ****   /* USER CODE BEGIN TIM4_MspPostInit 1 */
 195:Core/Src/stm32f4xx_hal_msp.c **** 
 196:Core/Src/stm32f4xx_hal_msp.c ****   /* USER CODE END TIM4_MspPostInit 1 */
ARM GAS  C:\Users\pc\AppData\Local\Temp\cc4xomGz.s 			page 11


 197:Core/Src/stm32f4xx_hal_msp.c ****   }
 198:Core/Src/stm32f4xx_hal_msp.c **** 
 199:Core/Src/stm32f4xx_hal_msp.c **** }
 357              		.loc 1 199 1 view .LVU75
 358 0018 07B0     		add	sp, sp, #28
 359              	.LCFI11:
 360              		.cfi_remember_state
 361              		.cfi_def_cfa_offset 4
 362              		@ sp needed
 363 001a 5DF804FB 		ldr	pc, [sp], #4
 364              	.LVL13:
 365              	.L29:
 366              	.LCFI12:
 367              		.cfi_restore_state
 180:Core/Src/stm32f4xx_hal_msp.c ****     /**TIM4 GPIO Configuration
 368              		.loc 1 180 5 is_stmt 1 view .LVU76
 369              	.LBB7:
 180:Core/Src/stm32f4xx_hal_msp.c ****     /**TIM4 GPIO Configuration
 370              		.loc 1 180 5 view .LVU77
 371 001e 0023     		movs	r3, #0
 372 0020 0093     		str	r3, [sp]
 180:Core/Src/stm32f4xx_hal_msp.c ****     /**TIM4 GPIO Configuration
 373              		.loc 1 180 5 view .LVU78
 374 0022 0B4B     		ldr	r3, .L30+4
 375 0024 1A6B     		ldr	r2, [r3, #48]
 376 0026 42F00202 		orr	r2, r2, #2
 377 002a 1A63     		str	r2, [r3, #48]
 180:Core/Src/stm32f4xx_hal_msp.c ****     /**TIM4 GPIO Configuration
 378              		.loc 1 180 5 view .LVU79
 379 002c 1B6B     		ldr	r3, [r3, #48]
 380 002e 03F00203 		and	r3, r3, #2
 381 0032 0093     		str	r3, [sp]
 180:Core/Src/stm32f4xx_hal_msp.c ****     /**TIM4 GPIO Configuration
 382              		.loc 1 180 5 view .LVU80
 383 0034 009B     		ldr	r3, [sp]
 384              	.LBE7:
 180:Core/Src/stm32f4xx_hal_msp.c ****     /**TIM4 GPIO Configuration
 385              		.loc 1 180 5 view .LVU81
 187:Core/Src/stm32f4xx_hal_msp.c ****     GPIO_InitStruct.Mode = GPIO_MODE_AF_PP;
 386              		.loc 1 187 5 view .LVU82
 187:Core/Src/stm32f4xx_hal_msp.c ****     GPIO_InitStruct.Mode = GPIO_MODE_AF_PP;
 387              		.loc 1 187 25 is_stmt 0 view .LVU83
 388 0036 4FF47073 		mov	r3, #960
 389 003a 0193     		str	r3, [sp, #4]
 188:Core/Src/stm32f4xx_hal_msp.c ****     GPIO_InitStruct.Pull = GPIO_NOPULL;
 390              		.loc 1 188 5 is_stmt 1 view .LVU84
 188:Core/Src/stm32f4xx_hal_msp.c ****     GPIO_InitStruct.Pull = GPIO_NOPULL;
 391              		.loc 1 188 26 is_stmt 0 view .LVU85
 392 003c 0223     		movs	r3, #2
 393 003e 0293     		str	r3, [sp, #8]
 189:Core/Src/stm32f4xx_hal_msp.c ****     GPIO_InitStruct.Speed = GPIO_SPEED_FREQ_LOW;
 394              		.loc 1 189 5 is_stmt 1 view .LVU86
 190:Core/Src/stm32f4xx_hal_msp.c ****     GPIO_InitStruct.Alternate = GPIO_AF2_TIM4;
 395              		.loc 1 190 5 view .LVU87
 191:Core/Src/stm32f4xx_hal_msp.c ****     HAL_GPIO_Init(GPIOB, &GPIO_InitStruct);
 396              		.loc 1 191 5 view .LVU88
 191:Core/Src/stm32f4xx_hal_msp.c ****     HAL_GPIO_Init(GPIOB, &GPIO_InitStruct);
ARM GAS  C:\Users\pc\AppData\Local\Temp\cc4xomGz.s 			page 12


 397              		.loc 1 191 31 is_stmt 0 view .LVU89
 398 0040 0593     		str	r3, [sp, #20]
 192:Core/Src/stm32f4xx_hal_msp.c **** 
 399              		.loc 1 192 5 is_stmt 1 view .LVU90
 400 0042 01A9     		add	r1, sp, #4
 401 0044 0348     		ldr	r0, .L30+8
 402              	.LVL14:
 192:Core/Src/stm32f4xx_hal_msp.c **** 
 403              		.loc 1 192 5 is_stmt 0 view .LVU91
 404 0046 FFF7FEFF 		bl	HAL_GPIO_Init
 405              	.LVL15:
 406              		.loc 1 199 1 view .LVU92
 407 004a E5E7     		b	.L26
 408              	.L31:
 409              		.align	2
 410              	.L30:
 411 004c 00080040 		.word	1073743872
 412 0050 00380240 		.word	1073887232
 413 0054 00040240 		.word	1073873920
 414              		.cfi_endproc
 415              	.LFE138:
 417              		.section	.text.HAL_TIM_Base_MspDeInit,"ax",%progbits
 418              		.align	1
 419              		.global	HAL_TIM_Base_MspDeInit
 420              		.syntax unified
 421              		.thumb
 422              		.thumb_func
 424              	HAL_TIM_Base_MspDeInit:
 425              	.LVL16:
 426              	.LFB139:
 200:Core/Src/stm32f4xx_hal_msp.c **** /**
 201:Core/Src/stm32f4xx_hal_msp.c **** * @brief TIM_Base MSP De-Initialization
 202:Core/Src/stm32f4xx_hal_msp.c **** * This function freeze the hardware resources used in this example
 203:Core/Src/stm32f4xx_hal_msp.c **** * @param htim_base: TIM_Base handle pointer
 204:Core/Src/stm32f4xx_hal_msp.c **** * @retval None
 205:Core/Src/stm32f4xx_hal_msp.c **** */
 206:Core/Src/stm32f4xx_hal_msp.c **** void HAL_TIM_Base_MspDeInit(TIM_HandleTypeDef* htim_base)
 207:Core/Src/stm32f4xx_hal_msp.c **** {
 427              		.loc 1 207 1 is_stmt 1 view -0
 428              		.cfi_startproc
 429              		@ args = 0, pretend = 0, frame = 0
 430              		@ frame_needed = 0, uses_anonymous_args = 0
 431              		@ link register save eliminated.
 208:Core/Src/stm32f4xx_hal_msp.c ****   if(htim_base->Instance==TIM4)
 432              		.loc 1 208 3 view .LVU94
 433              		.loc 1 208 15 is_stmt 0 view .LVU95
 434 0000 0268     		ldr	r2, [r0]
 435              		.loc 1 208 5 view .LVU96
 436 0002 054B     		ldr	r3, .L35
 437 0004 9A42     		cmp	r2, r3
 438 0006 00D0     		beq	.L34
 439              	.L32:
 209:Core/Src/stm32f4xx_hal_msp.c ****   {
 210:Core/Src/stm32f4xx_hal_msp.c ****   /* USER CODE BEGIN TIM4_MspDeInit 0 */
 211:Core/Src/stm32f4xx_hal_msp.c **** 
 212:Core/Src/stm32f4xx_hal_msp.c ****   /* USER CODE END TIM4_MspDeInit 0 */
 213:Core/Src/stm32f4xx_hal_msp.c ****     /* Peripheral clock disable */
ARM GAS  C:\Users\pc\AppData\Local\Temp\cc4xomGz.s 			page 13


 214:Core/Src/stm32f4xx_hal_msp.c ****     __HAL_RCC_TIM4_CLK_DISABLE();
 215:Core/Src/stm32f4xx_hal_msp.c ****   /* USER CODE BEGIN TIM4_MspDeInit 1 */
 216:Core/Src/stm32f4xx_hal_msp.c **** 
 217:Core/Src/stm32f4xx_hal_msp.c ****   /* USER CODE END TIM4_MspDeInit 1 */
 218:Core/Src/stm32f4xx_hal_msp.c ****   }
 219:Core/Src/stm32f4xx_hal_msp.c **** 
 220:Core/Src/stm32f4xx_hal_msp.c **** }
 440              		.loc 1 220 1 view .LVU97
 441 0008 7047     		bx	lr
 442              	.L34:
 214:Core/Src/stm32f4xx_hal_msp.c ****   /* USER CODE BEGIN TIM4_MspDeInit 1 */
 443              		.loc 1 214 5 is_stmt 1 view .LVU98
 444 000a 044A     		ldr	r2, .L35+4
 445 000c 136C     		ldr	r3, [r2, #64]
 446 000e 23F00403 		bic	r3, r3, #4
 447 0012 1364     		str	r3, [r2, #64]
 448              		.loc 1 220 1 is_stmt 0 view .LVU99
 449 0014 F8E7     		b	.L32
 450              	.L36:
 451 0016 00BF     		.align	2
 452              	.L35:
 453 0018 00080040 		.word	1073743872
 454 001c 00380240 		.word	1073887232
 455              		.cfi_endproc
 456              	.LFE139:
 458              		.section	.text.HAL_UART_MspInit,"ax",%progbits
 459              		.align	1
 460              		.global	HAL_UART_MspInit
 461              		.syntax unified
 462              		.thumb
 463              		.thumb_func
 465              	HAL_UART_MspInit:
 466              	.LVL17:
 467              	.LFB140:
 221:Core/Src/stm32f4xx_hal_msp.c **** 
 222:Core/Src/stm32f4xx_hal_msp.c **** /**
 223:Core/Src/stm32f4xx_hal_msp.c **** * @brief UART MSP Initialization
 224:Core/Src/stm32f4xx_hal_msp.c **** * This function configures the hardware resources used in this example
 225:Core/Src/stm32f4xx_hal_msp.c **** * @param huart: UART handle pointer
 226:Core/Src/stm32f4xx_hal_msp.c **** * @retval None
 227:Core/Src/stm32f4xx_hal_msp.c **** */
 228:Core/Src/stm32f4xx_hal_msp.c **** void HAL_UART_MspInit(UART_HandleTypeDef* huart)
 229:Core/Src/stm32f4xx_hal_msp.c **** {
 468              		.loc 1 229 1 is_stmt 1 view -0
 469              		.cfi_startproc
 470              		@ args = 0, pretend = 0, frame = 48
 471              		@ frame_needed = 0, uses_anonymous_args = 0
 472              		.loc 1 229 1 is_stmt 0 view .LVU101
 473 0000 00B5     		push	{lr}
 474              	.LCFI13:
 475              		.cfi_def_cfa_offset 4
 476              		.cfi_offset 14, -4
 477 0002 8DB0     		sub	sp, sp, #52
 478              	.LCFI14:
 479              		.cfi_def_cfa_offset 56
 230:Core/Src/stm32f4xx_hal_msp.c ****   GPIO_InitTypeDef GPIO_InitStruct = {0};
 480              		.loc 1 230 3 is_stmt 1 view .LVU102
ARM GAS  C:\Users\pc\AppData\Local\Temp\cc4xomGz.s 			page 14


 481              		.loc 1 230 20 is_stmt 0 view .LVU103
 482 0004 0023     		movs	r3, #0
 483 0006 0793     		str	r3, [sp, #28]
 484 0008 0893     		str	r3, [sp, #32]
 485 000a 0993     		str	r3, [sp, #36]
 486 000c 0A93     		str	r3, [sp, #40]
 487 000e 0B93     		str	r3, [sp, #44]
 231:Core/Src/stm32f4xx_hal_msp.c ****   if(huart->Instance==USART1)
 488              		.loc 1 231 3 is_stmt 1 view .LVU104
 489              		.loc 1 231 11 is_stmt 0 view .LVU105
 490 0010 0368     		ldr	r3, [r0]
 491              		.loc 1 231 5 view .LVU106
 492 0012 3B4A     		ldr	r2, .L45
 493 0014 9342     		cmp	r3, r2
 494 0016 08D0     		beq	.L42
 232:Core/Src/stm32f4xx_hal_msp.c ****   {
 233:Core/Src/stm32f4xx_hal_msp.c ****   /* USER CODE BEGIN USART1_MspInit 0 */
 234:Core/Src/stm32f4xx_hal_msp.c **** 
 235:Core/Src/stm32f4xx_hal_msp.c ****   /* USER CODE END USART1_MspInit 0 */
 236:Core/Src/stm32f4xx_hal_msp.c ****     /* Peripheral clock enable */
 237:Core/Src/stm32f4xx_hal_msp.c ****     __HAL_RCC_USART1_CLK_ENABLE();
 238:Core/Src/stm32f4xx_hal_msp.c **** 
 239:Core/Src/stm32f4xx_hal_msp.c ****     __HAL_RCC_GPIOA_CLK_ENABLE();
 240:Core/Src/stm32f4xx_hal_msp.c ****     /**USART1 GPIO Configuration
 241:Core/Src/stm32f4xx_hal_msp.c ****     PA9     ------> USART1_TX
 242:Core/Src/stm32f4xx_hal_msp.c ****     PA10     ------> USART1_RX
 243:Core/Src/stm32f4xx_hal_msp.c ****     */
 244:Core/Src/stm32f4xx_hal_msp.c ****     GPIO_InitStruct.Pin = GPIO_PIN_9|GPIO_PIN_10;
 245:Core/Src/stm32f4xx_hal_msp.c ****     GPIO_InitStruct.Mode = GPIO_MODE_AF_PP;
 246:Core/Src/stm32f4xx_hal_msp.c ****     GPIO_InitStruct.Pull = GPIO_NOPULL;
 247:Core/Src/stm32f4xx_hal_msp.c ****     GPIO_InitStruct.Speed = GPIO_SPEED_FREQ_VERY_HIGH;
 248:Core/Src/stm32f4xx_hal_msp.c ****     GPIO_InitStruct.Alternate = GPIO_AF7_USART1;
 249:Core/Src/stm32f4xx_hal_msp.c ****     HAL_GPIO_Init(GPIOA, &GPIO_InitStruct);
 250:Core/Src/stm32f4xx_hal_msp.c **** 
 251:Core/Src/stm32f4xx_hal_msp.c ****   /* USER CODE BEGIN USART1_MspInit 1 */
 252:Core/Src/stm32f4xx_hal_msp.c **** 
 253:Core/Src/stm32f4xx_hal_msp.c ****   /* USER CODE END USART1_MspInit 1 */
 254:Core/Src/stm32f4xx_hal_msp.c ****   }
 255:Core/Src/stm32f4xx_hal_msp.c ****   else if(huart->Instance==USART2)
 495              		.loc 1 255 8 is_stmt 1 view .LVU107
 496              		.loc 1 255 10 is_stmt 0 view .LVU108
 497 0018 3A4A     		ldr	r2, .L45+4
 498 001a 9342     		cmp	r3, r2
 499 001c 29D0     		beq	.L43
 256:Core/Src/stm32f4xx_hal_msp.c ****   {
 257:Core/Src/stm32f4xx_hal_msp.c ****   /* USER CODE BEGIN USART2_MspInit 0 */
 258:Core/Src/stm32f4xx_hal_msp.c **** 
 259:Core/Src/stm32f4xx_hal_msp.c ****   /* USER CODE END USART2_MspInit 0 */
 260:Core/Src/stm32f4xx_hal_msp.c ****     /* Peripheral clock enable */
 261:Core/Src/stm32f4xx_hal_msp.c ****     __HAL_RCC_USART2_CLK_ENABLE();
 262:Core/Src/stm32f4xx_hal_msp.c **** 
 263:Core/Src/stm32f4xx_hal_msp.c ****     __HAL_RCC_GPIOA_CLK_ENABLE();
 264:Core/Src/stm32f4xx_hal_msp.c ****     /**USART2 GPIO Configuration
 265:Core/Src/stm32f4xx_hal_msp.c ****     PA2     ------> USART2_TX
 266:Core/Src/stm32f4xx_hal_msp.c ****     PA3     ------> USART2_RX
 267:Core/Src/stm32f4xx_hal_msp.c ****     */
 268:Core/Src/stm32f4xx_hal_msp.c ****     GPIO_InitStruct.Pin = GPIO_PIN_2|GPIO_PIN_3;
ARM GAS  C:\Users\pc\AppData\Local\Temp\cc4xomGz.s 			page 15


 269:Core/Src/stm32f4xx_hal_msp.c ****     GPIO_InitStruct.Mode = GPIO_MODE_AF_PP;
 270:Core/Src/stm32f4xx_hal_msp.c ****     GPIO_InitStruct.Pull = GPIO_NOPULL;
 271:Core/Src/stm32f4xx_hal_msp.c ****     GPIO_InitStruct.Speed = GPIO_SPEED_FREQ_VERY_HIGH;
 272:Core/Src/stm32f4xx_hal_msp.c ****     GPIO_InitStruct.Alternate = GPIO_AF7_USART2;
 273:Core/Src/stm32f4xx_hal_msp.c ****     HAL_GPIO_Init(GPIOA, &GPIO_InitStruct);
 274:Core/Src/stm32f4xx_hal_msp.c **** 
 275:Core/Src/stm32f4xx_hal_msp.c ****   /* USER CODE BEGIN USART2_MspInit 1 */
 276:Core/Src/stm32f4xx_hal_msp.c **** 
 277:Core/Src/stm32f4xx_hal_msp.c ****   /* USER CODE END USART2_MspInit 1 */
 278:Core/Src/stm32f4xx_hal_msp.c ****   }
 279:Core/Src/stm32f4xx_hal_msp.c ****   else if(huart->Instance==USART6)
 500              		.loc 1 279 8 is_stmt 1 view .LVU109
 501              		.loc 1 279 10 is_stmt 0 view .LVU110
 502 001e 3A4A     		ldr	r2, .L45+8
 503 0020 9342     		cmp	r3, r2
 504 0022 49D0     		beq	.L44
 505              	.LVL18:
 506              	.L37:
 280:Core/Src/stm32f4xx_hal_msp.c ****   {
 281:Core/Src/stm32f4xx_hal_msp.c ****   /* USER CODE BEGIN USART6_MspInit 0 */
 282:Core/Src/stm32f4xx_hal_msp.c **** 
 283:Core/Src/stm32f4xx_hal_msp.c ****   /* USER CODE END USART6_MspInit 0 */
 284:Core/Src/stm32f4xx_hal_msp.c ****     /* Peripheral clock enable */
 285:Core/Src/stm32f4xx_hal_msp.c ****     __HAL_RCC_USART6_CLK_ENABLE();
 286:Core/Src/stm32f4xx_hal_msp.c **** 
 287:Core/Src/stm32f4xx_hal_msp.c ****     __HAL_RCC_GPIOC_CLK_ENABLE();
 288:Core/Src/stm32f4xx_hal_msp.c ****     /**USART6 GPIO Configuration
 289:Core/Src/stm32f4xx_hal_msp.c ****     PC6     ------> USART6_TX
 290:Core/Src/stm32f4xx_hal_msp.c ****     PC7     ------> USART6_RX
 291:Core/Src/stm32f4xx_hal_msp.c ****     */
 292:Core/Src/stm32f4xx_hal_msp.c ****     GPIO_InitStruct.Pin = GPIO_PIN_6|GPIO_PIN_7;
 293:Core/Src/stm32f4xx_hal_msp.c ****     GPIO_InitStruct.Mode = GPIO_MODE_AF_PP;
 294:Core/Src/stm32f4xx_hal_msp.c ****     GPIO_InitStruct.Pull = GPIO_NOPULL;
 295:Core/Src/stm32f4xx_hal_msp.c ****     GPIO_InitStruct.Speed = GPIO_SPEED_FREQ_VERY_HIGH;
 296:Core/Src/stm32f4xx_hal_msp.c ****     GPIO_InitStruct.Alternate = GPIO_AF8_USART6;
 297:Core/Src/stm32f4xx_hal_msp.c ****     HAL_GPIO_Init(GPIOC, &GPIO_InitStruct);
 298:Core/Src/stm32f4xx_hal_msp.c **** 
 299:Core/Src/stm32f4xx_hal_msp.c ****   /* USER CODE BEGIN USART6_MspInit 1 */
 300:Core/Src/stm32f4xx_hal_msp.c **** 
 301:Core/Src/stm32f4xx_hal_msp.c ****   /* USER CODE END USART6_MspInit 1 */
 302:Core/Src/stm32f4xx_hal_msp.c ****   }
 303:Core/Src/stm32f4xx_hal_msp.c **** 
 304:Core/Src/stm32f4xx_hal_msp.c **** }
 507              		.loc 1 304 1 view .LVU111
 508 0024 0DB0     		add	sp, sp, #52
 509              	.LCFI15:
 510              		.cfi_remember_state
 511              		.cfi_def_cfa_offset 4
 512              		@ sp needed
 513 0026 5DF804FB 		ldr	pc, [sp], #4
 514              	.LVL19:
 515              	.L42:
 516              	.LCFI16:
 517              		.cfi_restore_state
 237:Core/Src/stm32f4xx_hal_msp.c **** 
 518              		.loc 1 237 5 is_stmt 1 view .LVU112
 519              	.LBB8:
ARM GAS  C:\Users\pc\AppData\Local\Temp\cc4xomGz.s 			page 16


 237:Core/Src/stm32f4xx_hal_msp.c **** 
 520              		.loc 1 237 5 view .LVU113
 521 002a 0021     		movs	r1, #0
 522 002c 0191     		str	r1, [sp, #4]
 237:Core/Src/stm32f4xx_hal_msp.c **** 
 523              		.loc 1 237 5 view .LVU114
 524 002e 374B     		ldr	r3, .L45+12
 525 0030 5A6C     		ldr	r2, [r3, #68]
 526 0032 42F01002 		orr	r2, r2, #16
 527 0036 5A64     		str	r2, [r3, #68]
 237:Core/Src/stm32f4xx_hal_msp.c **** 
 528              		.loc 1 237 5 view .LVU115
 529 0038 5A6C     		ldr	r2, [r3, #68]
 530 003a 02F01002 		and	r2, r2, #16
 531 003e 0192     		str	r2, [sp, #4]
 237:Core/Src/stm32f4xx_hal_msp.c **** 
 532              		.loc 1 237 5 view .LVU116
 533 0040 019A     		ldr	r2, [sp, #4]
 534              	.LBE8:
 237:Core/Src/stm32f4xx_hal_msp.c **** 
 535              		.loc 1 237 5 view .LVU117
 239:Core/Src/stm32f4xx_hal_msp.c ****     /**USART1 GPIO Configuration
 536              		.loc 1 239 5 view .LVU118
 537              	.LBB9:
 239:Core/Src/stm32f4xx_hal_msp.c ****     /**USART1 GPIO Configuration
 538              		.loc 1 239 5 view .LVU119
 539 0042 0291     		str	r1, [sp, #8]
 239:Core/Src/stm32f4xx_hal_msp.c ****     /**USART1 GPIO Configuration
 540              		.loc 1 239 5 view .LVU120
 541 0044 1A6B     		ldr	r2, [r3, #48]
 542 0046 42F00102 		orr	r2, r2, #1
 543 004a 1A63     		str	r2, [r3, #48]
 239:Core/Src/stm32f4xx_hal_msp.c ****     /**USART1 GPIO Configuration
 544              		.loc 1 239 5 view .LVU121
 545 004c 1B6B     		ldr	r3, [r3, #48]
 546 004e 03F00103 		and	r3, r3, #1
 547 0052 0293     		str	r3, [sp, #8]
 239:Core/Src/stm32f4xx_hal_msp.c ****     /**USART1 GPIO Configuration
 548              		.loc 1 239 5 view .LVU122
 549 0054 029B     		ldr	r3, [sp, #8]
 550              	.LBE9:
 239:Core/Src/stm32f4xx_hal_msp.c ****     /**USART1 GPIO Configuration
 551              		.loc 1 239 5 view .LVU123
 244:Core/Src/stm32f4xx_hal_msp.c ****     GPIO_InitStruct.Mode = GPIO_MODE_AF_PP;
 552              		.loc 1 244 5 view .LVU124
 244:Core/Src/stm32f4xx_hal_msp.c ****     GPIO_InitStruct.Mode = GPIO_MODE_AF_PP;
 553              		.loc 1 244 25 is_stmt 0 view .LVU125
 554 0056 4FF4C063 		mov	r3, #1536
 555 005a 0793     		str	r3, [sp, #28]
 245:Core/Src/stm32f4xx_hal_msp.c ****     GPIO_InitStruct.Pull = GPIO_NOPULL;
 556              		.loc 1 245 5 is_stmt 1 view .LVU126
 245:Core/Src/stm32f4xx_hal_msp.c ****     GPIO_InitStruct.Pull = GPIO_NOPULL;
 557              		.loc 1 245 26 is_stmt 0 view .LVU127
 558 005c 0223     		movs	r3, #2
 559 005e 0893     		str	r3, [sp, #32]
 246:Core/Src/stm32f4xx_hal_msp.c ****     GPIO_InitStruct.Speed = GPIO_SPEED_FREQ_VERY_HIGH;
 560              		.loc 1 246 5 is_stmt 1 view .LVU128
ARM GAS  C:\Users\pc\AppData\Local\Temp\cc4xomGz.s 			page 17


 247:Core/Src/stm32f4xx_hal_msp.c ****     GPIO_InitStruct.Alternate = GPIO_AF7_USART1;
 561              		.loc 1 247 5 view .LVU129
 247:Core/Src/stm32f4xx_hal_msp.c ****     GPIO_InitStruct.Alternate = GPIO_AF7_USART1;
 562              		.loc 1 247 27 is_stmt 0 view .LVU130
 563 0060 0323     		movs	r3, #3
 564 0062 0A93     		str	r3, [sp, #40]
 248:Core/Src/stm32f4xx_hal_msp.c ****     HAL_GPIO_Init(GPIOA, &GPIO_InitStruct);
 565              		.loc 1 248 5 is_stmt 1 view .LVU131
 248:Core/Src/stm32f4xx_hal_msp.c ****     HAL_GPIO_Init(GPIOA, &GPIO_InitStruct);
 566              		.loc 1 248 31 is_stmt 0 view .LVU132
 567 0064 0723     		movs	r3, #7
 568 0066 0B93     		str	r3, [sp, #44]
 249:Core/Src/stm32f4xx_hal_msp.c **** 
 569              		.loc 1 249 5 is_stmt 1 view .LVU133
 570 0068 07A9     		add	r1, sp, #28
 571 006a 2948     		ldr	r0, .L45+16
 572              	.LVL20:
 249:Core/Src/stm32f4xx_hal_msp.c **** 
 573              		.loc 1 249 5 is_stmt 0 view .LVU134
 574 006c FFF7FEFF 		bl	HAL_GPIO_Init
 575              	.LVL21:
 576 0070 D8E7     		b	.L37
 577              	.LVL22:
 578              	.L43:
 261:Core/Src/stm32f4xx_hal_msp.c **** 
 579              		.loc 1 261 5 is_stmt 1 view .LVU135
 580              	.LBB10:
 261:Core/Src/stm32f4xx_hal_msp.c **** 
 581              		.loc 1 261 5 view .LVU136
 582 0072 0021     		movs	r1, #0
 583 0074 0391     		str	r1, [sp, #12]
 261:Core/Src/stm32f4xx_hal_msp.c **** 
 584              		.loc 1 261 5 view .LVU137
 585 0076 254B     		ldr	r3, .L45+12
 586 0078 1A6C     		ldr	r2, [r3, #64]
 587 007a 42F40032 		orr	r2, r2, #131072
 588 007e 1A64     		str	r2, [r3, #64]
 261:Core/Src/stm32f4xx_hal_msp.c **** 
 589              		.loc 1 261 5 view .LVU138
 590 0080 1A6C     		ldr	r2, [r3, #64]
 591 0082 02F40032 		and	r2, r2, #131072
 592 0086 0392     		str	r2, [sp, #12]
 261:Core/Src/stm32f4xx_hal_msp.c **** 
 593              		.loc 1 261 5 view .LVU139
 594 0088 039A     		ldr	r2, [sp, #12]
 595              	.LBE10:
 261:Core/Src/stm32f4xx_hal_msp.c **** 
 596              		.loc 1 261 5 view .LVU140
 263:Core/Src/stm32f4xx_hal_msp.c ****     /**USART2 GPIO Configuration
 597              		.loc 1 263 5 view .LVU141
 598              	.LBB11:
 263:Core/Src/stm32f4xx_hal_msp.c ****     /**USART2 GPIO Configuration
 599              		.loc 1 263 5 view .LVU142
 600 008a 0491     		str	r1, [sp, #16]
 263:Core/Src/stm32f4xx_hal_msp.c ****     /**USART2 GPIO Configuration
 601              		.loc 1 263 5 view .LVU143
 602 008c 1A6B     		ldr	r2, [r3, #48]
ARM GAS  C:\Users\pc\AppData\Local\Temp\cc4xomGz.s 			page 18


 603 008e 42F00102 		orr	r2, r2, #1
 604 0092 1A63     		str	r2, [r3, #48]
 263:Core/Src/stm32f4xx_hal_msp.c ****     /**USART2 GPIO Configuration
 605              		.loc 1 263 5 view .LVU144
 606 0094 1B6B     		ldr	r3, [r3, #48]
 607 0096 03F00103 		and	r3, r3, #1
 608 009a 0493     		str	r3, [sp, #16]
 263:Core/Src/stm32f4xx_hal_msp.c ****     /**USART2 GPIO Configuration
 609              		.loc 1 263 5 view .LVU145
 610 009c 049B     		ldr	r3, [sp, #16]
 611              	.LBE11:
 263:Core/Src/stm32f4xx_hal_msp.c ****     /**USART2 GPIO Configuration
 612              		.loc 1 263 5 view .LVU146
 268:Core/Src/stm32f4xx_hal_msp.c ****     GPIO_InitStruct.Mode = GPIO_MODE_AF_PP;
 613              		.loc 1 268 5 view .LVU147
 268:Core/Src/stm32f4xx_hal_msp.c ****     GPIO_InitStruct.Mode = GPIO_MODE_AF_PP;
 614              		.loc 1 268 25 is_stmt 0 view .LVU148
 615 009e 0C23     		movs	r3, #12
 616 00a0 0793     		str	r3, [sp, #28]
 269:Core/Src/stm32f4xx_hal_msp.c ****     GPIO_InitStruct.Pull = GPIO_NOPULL;
 617              		.loc 1 269 5 is_stmt 1 view .LVU149
 269:Core/Src/stm32f4xx_hal_msp.c ****     GPIO_InitStruct.Pull = GPIO_NOPULL;
 618              		.loc 1 269 26 is_stmt 0 view .LVU150
 619 00a2 0223     		movs	r3, #2
 620 00a4 0893     		str	r3, [sp, #32]
 270:Core/Src/stm32f4xx_hal_msp.c ****     GPIO_InitStruct.Speed = GPIO_SPEED_FREQ_VERY_HIGH;
 621              		.loc 1 270 5 is_stmt 1 view .LVU151
 271:Core/Src/stm32f4xx_hal_msp.c ****     GPIO_InitStruct.Alternate = GPIO_AF7_USART2;
 622              		.loc 1 271 5 view .LVU152
 271:Core/Src/stm32f4xx_hal_msp.c ****     GPIO_InitStruct.Alternate = GPIO_AF7_USART2;
 623              		.loc 1 271 27 is_stmt 0 view .LVU153
 624 00a6 0323     		movs	r3, #3
 625 00a8 0A93     		str	r3, [sp, #40]
 272:Core/Src/stm32f4xx_hal_msp.c ****     HAL_GPIO_Init(GPIOA, &GPIO_InitStruct);
 626              		.loc 1 272 5 is_stmt 1 view .LVU154
 272:Core/Src/stm32f4xx_hal_msp.c ****     HAL_GPIO_Init(GPIOA, &GPIO_InitStruct);
 627              		.loc 1 272 31 is_stmt 0 view .LVU155
 628 00aa 0723     		movs	r3, #7
 629 00ac 0B93     		str	r3, [sp, #44]
 273:Core/Src/stm32f4xx_hal_msp.c **** 
 630              		.loc 1 273 5 is_stmt 1 view .LVU156
 631 00ae 07A9     		add	r1, sp, #28
 632 00b0 1748     		ldr	r0, .L45+16
 633              	.LVL23:
 273:Core/Src/stm32f4xx_hal_msp.c **** 
 634              		.loc 1 273 5 is_stmt 0 view .LVU157
 635 00b2 FFF7FEFF 		bl	HAL_GPIO_Init
 636              	.LVL24:
 637 00b6 B5E7     		b	.L37
 638              	.LVL25:
 639              	.L44:
 285:Core/Src/stm32f4xx_hal_msp.c **** 
 640              		.loc 1 285 5 is_stmt 1 view .LVU158
 641              	.LBB12:
 285:Core/Src/stm32f4xx_hal_msp.c **** 
 642              		.loc 1 285 5 view .LVU159
 643 00b8 0021     		movs	r1, #0
ARM GAS  C:\Users\pc\AppData\Local\Temp\cc4xomGz.s 			page 19


 644 00ba 0591     		str	r1, [sp, #20]
 285:Core/Src/stm32f4xx_hal_msp.c **** 
 645              		.loc 1 285 5 view .LVU160
 646 00bc 134B     		ldr	r3, .L45+12
 647 00be 5A6C     		ldr	r2, [r3, #68]
 648 00c0 42F02002 		orr	r2, r2, #32
 649 00c4 5A64     		str	r2, [r3, #68]
 285:Core/Src/stm32f4xx_hal_msp.c **** 
 650              		.loc 1 285 5 view .LVU161
 651 00c6 5A6C     		ldr	r2, [r3, #68]
 652 00c8 02F02002 		and	r2, r2, #32
 653 00cc 0592     		str	r2, [sp, #20]
 285:Core/Src/stm32f4xx_hal_msp.c **** 
 654              		.loc 1 285 5 view .LVU162
 655 00ce 059A     		ldr	r2, [sp, #20]
 656              	.LBE12:
 285:Core/Src/stm32f4xx_hal_msp.c **** 
 657              		.loc 1 285 5 view .LVU163
 287:Core/Src/stm32f4xx_hal_msp.c ****     /**USART6 GPIO Configuration
 658              		.loc 1 287 5 view .LVU164
 659              	.LBB13:
 287:Core/Src/stm32f4xx_hal_msp.c ****     /**USART6 GPIO Configuration
 660              		.loc 1 287 5 view .LVU165
 661 00d0 0691     		str	r1, [sp, #24]
 287:Core/Src/stm32f4xx_hal_msp.c ****     /**USART6 GPIO Configuration
 662              		.loc 1 287 5 view .LVU166
 663 00d2 1A6B     		ldr	r2, [r3, #48]
 664 00d4 42F00402 		orr	r2, r2, #4
 665 00d8 1A63     		str	r2, [r3, #48]
 287:Core/Src/stm32f4xx_hal_msp.c ****     /**USART6 GPIO Configuration
 666              		.loc 1 287 5 view .LVU167
 667 00da 1B6B     		ldr	r3, [r3, #48]
 668 00dc 03F00403 		and	r3, r3, #4
 669 00e0 0693     		str	r3, [sp, #24]
 287:Core/Src/stm32f4xx_hal_msp.c ****     /**USART6 GPIO Configuration
 670              		.loc 1 287 5 view .LVU168
 671 00e2 069B     		ldr	r3, [sp, #24]
 672              	.LBE13:
 287:Core/Src/stm32f4xx_hal_msp.c ****     /**USART6 GPIO Configuration
 673              		.loc 1 287 5 view .LVU169
 292:Core/Src/stm32f4xx_hal_msp.c ****     GPIO_InitStruct.Mode = GPIO_MODE_AF_PP;
 674              		.loc 1 292 5 view .LVU170
 292:Core/Src/stm32f4xx_hal_msp.c ****     GPIO_InitStruct.Mode = GPIO_MODE_AF_PP;
 675              		.loc 1 292 25 is_stmt 0 view .LVU171
 676 00e4 C023     		movs	r3, #192
 677 00e6 0793     		str	r3, [sp, #28]
 293:Core/Src/stm32f4xx_hal_msp.c ****     GPIO_InitStruct.Pull = GPIO_NOPULL;
 678              		.loc 1 293 5 is_stmt 1 view .LVU172
 293:Core/Src/stm32f4xx_hal_msp.c ****     GPIO_InitStruct.Pull = GPIO_NOPULL;
 679              		.loc 1 293 26 is_stmt 0 view .LVU173
 680 00e8 0223     		movs	r3, #2
 681 00ea 0893     		str	r3, [sp, #32]
 294:Core/Src/stm32f4xx_hal_msp.c ****     GPIO_InitStruct.Speed = GPIO_SPEED_FREQ_VERY_HIGH;
 682              		.loc 1 294 5 is_stmt 1 view .LVU174
 295:Core/Src/stm32f4xx_hal_msp.c ****     GPIO_InitStruct.Alternate = GPIO_AF8_USART6;
 683              		.loc 1 295 5 view .LVU175
 295:Core/Src/stm32f4xx_hal_msp.c ****     GPIO_InitStruct.Alternate = GPIO_AF8_USART6;
ARM GAS  C:\Users\pc\AppData\Local\Temp\cc4xomGz.s 			page 20


 684              		.loc 1 295 27 is_stmt 0 view .LVU176
 685 00ec 0323     		movs	r3, #3
 686 00ee 0A93     		str	r3, [sp, #40]
 296:Core/Src/stm32f4xx_hal_msp.c ****     HAL_GPIO_Init(GPIOC, &GPIO_InitStruct);
 687              		.loc 1 296 5 is_stmt 1 view .LVU177
 296:Core/Src/stm32f4xx_hal_msp.c ****     HAL_GPIO_Init(GPIOC, &GPIO_InitStruct);
 688              		.loc 1 296 31 is_stmt 0 view .LVU178
 689 00f0 0823     		movs	r3, #8
 690 00f2 0B93     		str	r3, [sp, #44]
 297:Core/Src/stm32f4xx_hal_msp.c **** 
 691              		.loc 1 297 5 is_stmt 1 view .LVU179
 692 00f4 07A9     		add	r1, sp, #28
 693 00f6 0748     		ldr	r0, .L45+20
 694              	.LVL26:
 297:Core/Src/stm32f4xx_hal_msp.c **** 
 695              		.loc 1 297 5 is_stmt 0 view .LVU180
 696 00f8 FFF7FEFF 		bl	HAL_GPIO_Init
 697              	.LVL27:
 698              		.loc 1 304 1 view .LVU181
 699 00fc 92E7     		b	.L37
 700              	.L46:
 701 00fe 00BF     		.align	2
 702              	.L45:
 703 0100 00100140 		.word	1073811456
 704 0104 00440040 		.word	1073759232
 705 0108 00140140 		.word	1073812480
 706 010c 00380240 		.word	1073887232
 707 0110 00000240 		.word	1073872896
 708 0114 00080240 		.word	1073874944
 709              		.cfi_endproc
 710              	.LFE140:
 712              		.section	.text.HAL_UART_MspDeInit,"ax",%progbits
 713              		.align	1
 714              		.global	HAL_UART_MspDeInit
 715              		.syntax unified
 716              		.thumb
 717              		.thumb_func
 719              	HAL_UART_MspDeInit:
 720              	.LVL28:
 721              	.LFB141:
 305:Core/Src/stm32f4xx_hal_msp.c **** 
 306:Core/Src/stm32f4xx_hal_msp.c **** /**
 307:Core/Src/stm32f4xx_hal_msp.c **** * @brief UART MSP De-Initialization
 308:Core/Src/stm32f4xx_hal_msp.c **** * This function freeze the hardware resources used in this example
 309:Core/Src/stm32f4xx_hal_msp.c **** * @param huart: UART handle pointer
 310:Core/Src/stm32f4xx_hal_msp.c **** * @retval None
 311:Core/Src/stm32f4xx_hal_msp.c **** */
 312:Core/Src/stm32f4xx_hal_msp.c **** void HAL_UART_MspDeInit(UART_HandleTypeDef* huart)
 313:Core/Src/stm32f4xx_hal_msp.c **** {
 722              		.loc 1 313 1 is_stmt 1 view -0
 723              		.cfi_startproc
 724              		@ args = 0, pretend = 0, frame = 0
 725              		@ frame_needed = 0, uses_anonymous_args = 0
 726              		.loc 1 313 1 is_stmt 0 view .LVU183
 727 0000 08B5     		push	{r3, lr}
 728              	.LCFI17:
 729              		.cfi_def_cfa_offset 8
ARM GAS  C:\Users\pc\AppData\Local\Temp\cc4xomGz.s 			page 21


 730              		.cfi_offset 3, -8
 731              		.cfi_offset 14, -4
 314:Core/Src/stm32f4xx_hal_msp.c ****   if(huart->Instance==USART1)
 732              		.loc 1 314 3 is_stmt 1 view .LVU184
 733              		.loc 1 314 11 is_stmt 0 view .LVU185
 734 0002 0368     		ldr	r3, [r0]
 735              		.loc 1 314 5 view .LVU186
 736 0004 154A     		ldr	r2, .L55
 737 0006 9342     		cmp	r3, r2
 738 0008 06D0     		beq	.L52
 315:Core/Src/stm32f4xx_hal_msp.c ****   {
 316:Core/Src/stm32f4xx_hal_msp.c ****   /* USER CODE BEGIN USART1_MspDeInit 0 */
 317:Core/Src/stm32f4xx_hal_msp.c **** 
 318:Core/Src/stm32f4xx_hal_msp.c ****   /* USER CODE END USART1_MspDeInit 0 */
 319:Core/Src/stm32f4xx_hal_msp.c ****     /* Peripheral clock disable */
 320:Core/Src/stm32f4xx_hal_msp.c ****     __HAL_RCC_USART1_CLK_DISABLE();
 321:Core/Src/stm32f4xx_hal_msp.c **** 
 322:Core/Src/stm32f4xx_hal_msp.c ****     /**USART1 GPIO Configuration
 323:Core/Src/stm32f4xx_hal_msp.c ****     PA9     ------> USART1_TX
 324:Core/Src/stm32f4xx_hal_msp.c ****     PA10     ------> USART1_RX
 325:Core/Src/stm32f4xx_hal_msp.c ****     */
 326:Core/Src/stm32f4xx_hal_msp.c ****     HAL_GPIO_DeInit(GPIOA, GPIO_PIN_9|GPIO_PIN_10);
 327:Core/Src/stm32f4xx_hal_msp.c **** 
 328:Core/Src/stm32f4xx_hal_msp.c ****   /* USER CODE BEGIN USART1_MspDeInit 1 */
 329:Core/Src/stm32f4xx_hal_msp.c **** 
 330:Core/Src/stm32f4xx_hal_msp.c ****   /* USER CODE END USART1_MspDeInit 1 */
 331:Core/Src/stm32f4xx_hal_msp.c ****   }
 332:Core/Src/stm32f4xx_hal_msp.c ****   else if(huart->Instance==USART2)
 739              		.loc 1 332 8 is_stmt 1 view .LVU187
 740              		.loc 1 332 10 is_stmt 0 view .LVU188
 741 000a 154A     		ldr	r2, .L55+4
 742 000c 9342     		cmp	r3, r2
 743 000e 0FD0     		beq	.L53
 333:Core/Src/stm32f4xx_hal_msp.c ****   {
 334:Core/Src/stm32f4xx_hal_msp.c ****   /* USER CODE BEGIN USART2_MspDeInit 0 */
 335:Core/Src/stm32f4xx_hal_msp.c **** 
 336:Core/Src/stm32f4xx_hal_msp.c ****   /* USER CODE END USART2_MspDeInit 0 */
 337:Core/Src/stm32f4xx_hal_msp.c ****     /* Peripheral clock disable */
 338:Core/Src/stm32f4xx_hal_msp.c ****     __HAL_RCC_USART2_CLK_DISABLE();
 339:Core/Src/stm32f4xx_hal_msp.c **** 
 340:Core/Src/stm32f4xx_hal_msp.c ****     /**USART2 GPIO Configuration
 341:Core/Src/stm32f4xx_hal_msp.c ****     PA2     ------> USART2_TX
 342:Core/Src/stm32f4xx_hal_msp.c ****     PA3     ------> USART2_RX
 343:Core/Src/stm32f4xx_hal_msp.c ****     */
 344:Core/Src/stm32f4xx_hal_msp.c ****     HAL_GPIO_DeInit(GPIOA, GPIO_PIN_2|GPIO_PIN_3);
 345:Core/Src/stm32f4xx_hal_msp.c **** 
 346:Core/Src/stm32f4xx_hal_msp.c ****   /* USER CODE BEGIN USART2_MspDeInit 1 */
 347:Core/Src/stm32f4xx_hal_msp.c **** 
 348:Core/Src/stm32f4xx_hal_msp.c ****   /* USER CODE END USART2_MspDeInit 1 */
 349:Core/Src/stm32f4xx_hal_msp.c ****   }
 350:Core/Src/stm32f4xx_hal_msp.c ****   else if(huart->Instance==USART6)
 744              		.loc 1 350 8 is_stmt 1 view .LVU189
 745              		.loc 1 350 10 is_stmt 0 view .LVU190
 746 0010 144A     		ldr	r2, .L55+8
 747 0012 9342     		cmp	r3, r2
 748 0014 17D0     		beq	.L54
 749              	.LVL29:
ARM GAS  C:\Users\pc\AppData\Local\Temp\cc4xomGz.s 			page 22


 750              	.L47:
 351:Core/Src/stm32f4xx_hal_msp.c ****   {
 352:Core/Src/stm32f4xx_hal_msp.c ****   /* USER CODE BEGIN USART6_MspDeInit 0 */
 353:Core/Src/stm32f4xx_hal_msp.c **** 
 354:Core/Src/stm32f4xx_hal_msp.c ****   /* USER CODE END USART6_MspDeInit 0 */
 355:Core/Src/stm32f4xx_hal_msp.c ****     /* Peripheral clock disable */
 356:Core/Src/stm32f4xx_hal_msp.c ****     __HAL_RCC_USART6_CLK_DISABLE();
 357:Core/Src/stm32f4xx_hal_msp.c **** 
 358:Core/Src/stm32f4xx_hal_msp.c ****     /**USART6 GPIO Configuration
 359:Core/Src/stm32f4xx_hal_msp.c ****     PC6     ------> USART6_TX
 360:Core/Src/stm32f4xx_hal_msp.c ****     PC7     ------> USART6_RX
 361:Core/Src/stm32f4xx_hal_msp.c ****     */
 362:Core/Src/stm32f4xx_hal_msp.c ****     HAL_GPIO_DeInit(GPIOC, GPIO_PIN_6|GPIO_PIN_7);
 363:Core/Src/stm32f4xx_hal_msp.c **** 
 364:Core/Src/stm32f4xx_hal_msp.c ****   /* USER CODE BEGIN USART6_MspDeInit 1 */
 365:Core/Src/stm32f4xx_hal_msp.c **** 
 366:Core/Src/stm32f4xx_hal_msp.c ****   /* USER CODE END USART6_MspDeInit 1 */
 367:Core/Src/stm32f4xx_hal_msp.c ****   }
 368:Core/Src/stm32f4xx_hal_msp.c **** 
 369:Core/Src/stm32f4xx_hal_msp.c **** }
 751              		.loc 1 369 1 view .LVU191
 752 0016 08BD     		pop	{r3, pc}
 753              	.LVL30:
 754              	.L52:
 320:Core/Src/stm32f4xx_hal_msp.c **** 
 755              		.loc 1 320 5 is_stmt 1 view .LVU192
 756 0018 02F59432 		add	r2, r2, #75776
 757 001c 536C     		ldr	r3, [r2, #68]
 758 001e 23F01003 		bic	r3, r3, #16
 759 0022 5364     		str	r3, [r2, #68]
 326:Core/Src/stm32f4xx_hal_msp.c **** 
 760              		.loc 1 326 5 view .LVU193
 761 0024 4FF4C061 		mov	r1, #1536
 762 0028 0F48     		ldr	r0, .L55+12
 763              	.LVL31:
 326:Core/Src/stm32f4xx_hal_msp.c **** 
 764              		.loc 1 326 5 is_stmt 0 view .LVU194
 765 002a FFF7FEFF 		bl	HAL_GPIO_DeInit
 766              	.LVL32:
 767 002e F2E7     		b	.L47
 768              	.LVL33:
 769              	.L53:
 338:Core/Src/stm32f4xx_hal_msp.c **** 
 770              		.loc 1 338 5 is_stmt 1 view .LVU195
 771 0030 02F5FA32 		add	r2, r2, #128000
 772 0034 136C     		ldr	r3, [r2, #64]
 773 0036 23F40033 		bic	r3, r3, #131072
 774 003a 1364     		str	r3, [r2, #64]
 344:Core/Src/stm32f4xx_hal_msp.c **** 
 775              		.loc 1 344 5 view .LVU196
 776 003c 0C21     		movs	r1, #12
 777 003e 0A48     		ldr	r0, .L55+12
 778              	.LVL34:
 344:Core/Src/stm32f4xx_hal_msp.c **** 
 779              		.loc 1 344 5 is_stmt 0 view .LVU197
 780 0040 FFF7FEFF 		bl	HAL_GPIO_DeInit
 781              	.LVL35:
ARM GAS  C:\Users\pc\AppData\Local\Temp\cc4xomGz.s 			page 23


 782 0044 E7E7     		b	.L47
 783              	.LVL36:
 784              	.L54:
 356:Core/Src/stm32f4xx_hal_msp.c **** 
 785              		.loc 1 356 5 is_stmt 1 view .LVU198
 786 0046 02F59232 		add	r2, r2, #74752
 787 004a 536C     		ldr	r3, [r2, #68]
 788 004c 23F02003 		bic	r3, r3, #32
 789 0050 5364     		str	r3, [r2, #68]
 362:Core/Src/stm32f4xx_hal_msp.c **** 
 790              		.loc 1 362 5 view .LVU199
 791 0052 C021     		movs	r1, #192
 792 0054 0548     		ldr	r0, .L55+16
 793              	.LVL37:
 362:Core/Src/stm32f4xx_hal_msp.c **** 
 794              		.loc 1 362 5 is_stmt 0 view .LVU200
 795 0056 FFF7FEFF 		bl	HAL_GPIO_DeInit
 796              	.LVL38:
 797              		.loc 1 369 1 view .LVU201
 798 005a DCE7     		b	.L47
 799              	.L56:
 800              		.align	2
 801              	.L55:
 802 005c 00100140 		.word	1073811456
 803 0060 00440040 		.word	1073759232
 804 0064 00140140 		.word	1073812480
 805 0068 00000240 		.word	1073872896
 806 006c 00080240 		.word	1073874944
 807              		.cfi_endproc
 808              	.LFE141:
 810              		.text
 811              	.Letext0:
 812              		.file 2 "C:\\ST\\STM32CubeCLT_1.15.0\\GNU-tools-for-STM32\\bin/../lib/gcc/arm-none-eabi/12.3.1/../
 813              		.file 3 "C:\\ST\\STM32CubeCLT_1.15.0\\GNU-tools-for-STM32\\bin/../lib/gcc/arm-none-eabi/12.3.1/../
 814              		.file 4 "Drivers/CMSIS/Device/ST/STM32F4xx/Include/stm32f446xx.h"
 815              		.file 5 "Drivers/STM32F4xx_HAL_Driver/Inc/stm32f4xx_hal_def.h"
 816              		.file 6 "Drivers/STM32F4xx_HAL_Driver/Inc/stm32f4xx_hal_gpio.h"
 817              		.file 7 "Drivers/STM32F4xx_HAL_Driver/Inc/stm32f4xx_hal_dma.h"
 818              		.file 8 "Drivers/STM32F4xx_HAL_Driver/Inc/stm32f4xx_hal_spi.h"
 819              		.file 9 "Drivers/STM32F4xx_HAL_Driver/Inc/stm32f4xx_hal_tim.h"
 820              		.file 10 "Drivers/STM32F4xx_HAL_Driver/Inc/stm32f4xx_hal_uart.h"
ARM GAS  C:\Users\pc\AppData\Local\Temp\cc4xomGz.s 			page 24


DEFINED SYMBOLS
                            *ABS*:00000000 stm32f4xx_hal_msp.c
C:\Users\pc\AppData\Local\Temp\cc4xomGz.s:21     .text.HAL_MspInit:00000000 $t
C:\Users\pc\AppData\Local\Temp\cc4xomGz.s:27     .text.HAL_MspInit:00000000 HAL_MspInit
C:\Users\pc\AppData\Local\Temp\cc4xomGz.s:80     .text.HAL_MspInit:00000034 $d
C:\Users\pc\AppData\Local\Temp\cc4xomGz.s:85     .text.HAL_SPI_MspInit:00000000 $t
C:\Users\pc\AppData\Local\Temp\cc4xomGz.s:91     .text.HAL_SPI_MspInit:00000000 HAL_SPI_MspInit
C:\Users\pc\AppData\Local\Temp\cc4xomGz.s:197    .text.HAL_SPI_MspInit:00000068 $d
C:\Users\pc\AppData\Local\Temp\cc4xomGz.s:203    .text.HAL_SPI_MspDeInit:00000000 $t
C:\Users\pc\AppData\Local\Temp\cc4xomGz.s:209    .text.HAL_SPI_MspDeInit:00000000 HAL_SPI_MspDeInit
C:\Users\pc\AppData\Local\Temp\cc4xomGz.s:252    .text.HAL_SPI_MspDeInit:00000020 $d
C:\Users\pc\AppData\Local\Temp\cc4xomGz.s:259    .text.HAL_TIM_Base_MspInit:00000000 $t
C:\Users\pc\AppData\Local\Temp\cc4xomGz.s:265    .text.HAL_TIM_Base_MspInit:00000000 HAL_TIM_Base_MspInit
C:\Users\pc\AppData\Local\Temp\cc4xomGz.s:313    .text.HAL_TIM_Base_MspInit:00000028 $d
C:\Users\pc\AppData\Local\Temp\cc4xomGz.s:319    .text.HAL_TIM_MspPostInit:00000000 $t
C:\Users\pc\AppData\Local\Temp\cc4xomGz.s:325    .text.HAL_TIM_MspPostInit:00000000 HAL_TIM_MspPostInit
C:\Users\pc\AppData\Local\Temp\cc4xomGz.s:411    .text.HAL_TIM_MspPostInit:0000004c $d
C:\Users\pc\AppData\Local\Temp\cc4xomGz.s:418    .text.HAL_TIM_Base_MspDeInit:00000000 $t
C:\Users\pc\AppData\Local\Temp\cc4xomGz.s:424    .text.HAL_TIM_Base_MspDeInit:00000000 HAL_TIM_Base_MspDeInit
C:\Users\pc\AppData\Local\Temp\cc4xomGz.s:453    .text.HAL_TIM_Base_MspDeInit:00000018 $d
C:\Users\pc\AppData\Local\Temp\cc4xomGz.s:459    .text.HAL_UART_MspInit:00000000 $t
C:\Users\pc\AppData\Local\Temp\cc4xomGz.s:465    .text.HAL_UART_MspInit:00000000 HAL_UART_MspInit
C:\Users\pc\AppData\Local\Temp\cc4xomGz.s:703    .text.HAL_UART_MspInit:00000100 $d
C:\Users\pc\AppData\Local\Temp\cc4xomGz.s:713    .text.HAL_UART_MspDeInit:00000000 $t
C:\Users\pc\AppData\Local\Temp\cc4xomGz.s:719    .text.HAL_UART_MspDeInit:00000000 HAL_UART_MspDeInit
C:\Users\pc\AppData\Local\Temp\cc4xomGz.s:802    .text.HAL_UART_MspDeInit:0000005c $d

UNDEFINED SYMBOLS
HAL_GPIO_Init
HAL_GPIO_DeInit
